[2022-03-12T21:24:48.416] [INFO] info - ===========log output==========
[2022-03-14T22:57:59.521] [INFO] info - ***数据库连接成功***
[2022-03-14T22:58:02.695] [INFO] info - ***数据库连接成功***
[2022-03-14T22:58:48.219] [INFO] info - ****数据库连接成功****
[2022-03-14T22:59:12.521] [INFO] info - ****数据库连接成功****
[2022-03-14T23:09:13.794] [INFO] info - ****数据库连接成功****
[2022-03-14T23:09:43.657] [INFO] info - ****数据库连接成功****
[2022-03-14T23:09:51.929] [INFO] info - ****数据库连接成功****
[2022-03-14T23:10:10.838] [INFO] info - ****数据库连接成功****
[2022-03-14T23:10:15.496] [INFO] info - ****数据库连接成功****
[2022-03-14T23:10:53.312] [INFO] info - ****数据库连接成功****
[2022-03-14T23:11:00.381] [INFO] info - ****数据库连接成功****
[2022-03-14T23:11:07.074] [INFO] info - ****数据库连接成功****
[2022-03-14T23:11:58.991] [INFO] info - ****数据库连接成功****
[2022-03-14T23:13:00.187] [INFO] info - ****数据库连接成功****
[2022-03-14T23:13:07.727] [INFO] info - ****数据库连接成功****
[2022-03-14T23:13:38.403] [INFO] info - ****数据库连接成功****
[2022-03-14T23:13:50.423] [INFO] info - ****数据库连接成功****
[2022-03-14T23:14:37.810] [INFO] info - ****数据库连接成功****
[2022-03-14T23:15:51.297] [INFO] info - ****数据库连接成功****
[2022-03-14T23:16:09.351] [INFO] info - ****数据库连接成功****
[2022-03-14T23:16:27.117] [INFO] info - ****数据库连接成功****
[2022-03-14T23:16:30.347] [INFO] info - ****数据库连接成功****
[2022-03-14T23:16:52.099] [INFO] info - ****数据库连接成功****
[2022-03-14T23:17:00.675] [INFO] info - ****数据库连接成功****
[2022-03-14T23:17:08.866] [INFO] info - ****数据库连接成功****
[2022-03-14T23:23:05.308] [INFO] info - ===========log output==========
[2022-03-14T23:24:58.695] [INFO] info - ****数据库连接成功****
[2022-03-14T23:25:15.067] [INFO] info - ****数据库连接成功****
[2022-03-14T23:25:24.188] [INFO] info - ****数据库连接成功****
[2022-03-14T23:25:46.939] [INFO] info - ****数据库连接成功****
[2022-03-14T23:25:49.798] [INFO] info - ****数据库连接成功****
[2022-03-14T23:25:50.289] [INFO] info - ****数据库连接成功****
[2022-03-14T23:26:04.703] [INFO] info - ****数据库连接成功****
[2022-03-14T23:26:33.705] [INFO] info - ****数据库连接成功****
[2022-03-14T23:27:32.997] [INFO] info - ****数据库连接成功****
[2022-03-14T23:27:59.839] [INFO] info - ****数据库连接成功****
[2022-03-14T23:28:00.839] [INFO] info - ****数据库连接成功****
[2022-03-14T23:28:23.567] [INFO] info - ****数据库连接成功****
[2022-03-14T23:28:34.051] [INFO] info - ===========log output==========
[2022-03-14T23:29:29.403] [INFO] info - ****数据库连接成功****
[2022-03-14T23:30:40.901] [INFO] info - ****数据库连接成功****
[2022-03-14T23:30:51.077] [INFO] info - ****数据库连接成功****
[2022-03-14T23:31:06.621] [INFO] info - ===========log output==========
[2022-03-14T23:32:38.045] [INFO] info - ****数据库连接成功****
[2022-03-14T23:33:29.861] [INFO] info - ****数据库连接成功****
[2022-03-14T23:33:48.806] [INFO] info - ****数据库连接成功****
[2022-03-14T23:35:03.787] [INFO] info - ===========log output==========
[2022-03-14T23:35:12.208] [INFO] info - ===========log output==========
[2022-03-14T23:40:32.378] [INFO] info - ****数据库连接成功****
[2022-03-14T23:41:47.243] [INFO] info - ****数据库连接成功****
[2022-03-14T23:41:51.291] [INFO] info - ****数据库连接成功****
[2022-03-14T23:43:24.189] [INFO] info - ****数据库连接成功****
[2022-03-14T23:46:02.773] [INFO] info - ===========log output==========
[2022-03-14T23:47:22.432] [INFO] info - ****数据库连接成功****
[2022-03-19T22:26:50.112] [INFO] info - ****数据库连接成功****
[2022-03-19T22:26:53.159] [INFO] info - ===========log output==========
[2022-03-19T22:48:47.257] [INFO] info - ===========log output==========
[2022-03-19T22:49:03.118] [INFO] info - ===========log output==========
[2022-03-20T00:39:31.091] [INFO] info - ****数据库连接成功****
[2022-03-20T12:25:07.394] [INFO] info - ****数据库连接成功****
[2022-03-20T14:11:17.267] [INFO] info - ****数据库连接成功****
[2022-03-20T16:19:12.662] [INFO] info - ****数据库连接成功****
[2022-03-20T16:19:14.633] [INFO] info - ****数据库连接成功****
[2022-03-20T16:19:28.181] [INFO] info - ****数据库连接成功****
[2022-03-20T16:20:10.585] [INFO] info - ****数据库连接成功****
[2022-03-20T16:20:18.717] [INFO] info - ****数据库连接成功****
[2022-03-20T16:21:04.045] [INFO] info - ****数据库连接成功****
[2022-03-20T16:21:16.170] [INFO] info - ****数据库连接成功****
[2022-03-20T16:22:33.890] [INFO] info - ****数据库连接成功****
[2022-03-20T16:23:42.583] [INFO] info - ****数据库连接成功****
[2022-03-20T16:23:56.238] [INFO] info - ===========log output==========
[2022-03-20T16:23:56.241] [INFO] info - ===========log output==========
[2022-03-20T16:24:29.243] [INFO] info - ===========log output==========
[2022-03-20T16:24:29.295] [INFO] info - ===========log output==========
[2022-03-20T16:24:29.297] [INFO] info - ===========log output==========
[2022-03-20T16:28:30.411] [INFO] info - ****数据库连接成功****
[2022-03-20T16:33:13.689] [INFO] info - ===========log output==========
[2022-03-20T16:33:13.692] [INFO] info - ===========log output==========
[2022-03-20T16:34:42.356] [INFO] info - ===========log output==========
[2022-03-20T16:34:42.356] [INFO] info - ===========log output==========
[2022-03-20T16:34:56.286] [INFO] info - ****数据库连接成功****
[2022-03-20T16:35:02.685] [INFO] info - ===========log output==========
[2022-03-20T16:35:02.687] [INFO] info - ===========log output==========
[2022-03-20T16:35:09.258] [INFO] info - ===========log output==========
[2022-03-20T16:35:09.264] [INFO] info - ===========log output==========
[2022-03-20T16:35:34.850] [INFO] info - ****数据库连接成功****
[2022-03-20T16:36:45.596] [INFO] info - ****数据库连接成功****
[2022-03-20T16:36:57.474] [INFO] info - ****数据库连接成功****
[2022-03-20T16:37:19.831] [INFO] info - ****数据库连接成功****
[2022-03-20T16:37:25.073] [INFO] info - ****数据库连接成功****
[2022-03-20T16:37:27.327] [INFO] info - ****数据库连接成功****
[2022-03-20T16:37:38.445] [INFO] info - ****数据库连接成功****
[2022-03-20T16:38:01.802] [INFO] info - ****数据库连接成功****
[2022-03-20T16:38:17.435] [INFO] info - ****数据库连接成功****
[2022-03-20T16:39:00.380] [INFO] info - ****数据库连接成功****
[2022-03-20T16:39:12.532] [INFO] info - ****数据库连接成功****
[2022-03-20T16:40:59.905] [INFO] info - ****数据库连接成功****
[2022-03-20T18:52:12.718] [INFO] info - ===========log output==========
[2022-03-20T18:52:12.722] [INFO] info - ===========log output==========
[2022-04-19T22:53:04.982] [INFO] info - ****数据库连接成功****
[2022-04-19T22:55:04.128] [INFO] info - ===========log output==========
[2022-04-19T22:55:04.130] [INFO] info - ===========log output==========
[2022-04-19T22:59:03.122] [INFO] info - ===========log output==========
[2022-04-19T23:01:11.510] [INFO] info - ****数据库连接成功****
[2022-04-19T23:08:11.320] [INFO] info - ****数据库连接成功****
[2022-04-19T23:08:14.485] [INFO] info - ****数据库连接成功****
[2022-04-19T23:09:09.423] [INFO] info - ****数据库连接成功****
[2022-04-19T23:09:40.099] [INFO] info - ===========log output==========
[2022-04-19T23:09:40.101] [INFO] info - ===========log output==========
[2022-04-19T23:11:14.819] [INFO] info - ===========log output==========
[2022-04-19T23:11:14.820] [INFO] info - ===========log output==========
[2022-04-19T23:11:17.184] [INFO] info - ===========log output==========
[2022-04-19T23:11:17.185] [INFO] info - ===========log output==========
[2022-04-19T23:15:51.332] [INFO] info - ===========log output==========
[2022-04-19T23:15:51.334] [INFO] info - ===========log output==========
[2022-04-19T23:16:50.857] [INFO] info - ****数据库连接成功****
[2022-04-19T23:20:58.951] [INFO] info - ===========log output==========
[2022-04-19T23:20:58.954] [INFO] info - ===========log output==========
[2022-04-19T23:21:30.447] [INFO] info - ===========log output==========
[2022-04-19T23:21:30.455] [INFO] info - ===========log output==========
[2022-04-19T23:22:09.941] [INFO] info - ===========log output==========
[2022-04-19T23:22:09.945] [INFO] info - ===========log output==========
[2022-04-19T23:22:57.410] [INFO] info - ****数据库连接成功****
[2022-04-19T23:23:29.303] [INFO] info - ****数据库连接成功****
[2022-04-19T23:23:39.100] [INFO] info - ****数据库连接成功****
[2022-04-19T23:23:42.487] [INFO] info - ****数据库连接成功****
[2022-04-19T23:23:48.150] [INFO] info - ===========log output==========
[2022-04-19T23:23:48.153] [INFO] info - ===========log output==========
[2022-04-19T23:23:58.770] [INFO] info - ****数据库连接成功****
[2022-04-19T23:24:28.608] [INFO] info - ****数据库连接成功****
[2022-04-19T23:25:46.119] [INFO] info - ===========log output==========
[2022-04-19T23:25:46.121] [INFO] info - ===========log output==========
[2022-04-19T23:26:02.624] [INFO] info - ===========log output==========
[2022-04-19T23:26:02.625] [INFO] info - ===========log output==========
[2022-04-19T23:26:26.295] [INFO] info - ===========log output==========
[2022-04-19T23:26:26.295] [INFO] info - ===========log output==========
[2022-04-19T23:26:44.038] [INFO] info - ===========log output==========
[2022-04-19T23:26:44.038] [INFO] info - ===========log output==========
[2022-04-19T23:26:54.294] [INFO] info - ===========log output==========
[2022-04-19T23:26:54.295] [INFO] info - ===========log output==========
[2022-04-19T23:27:00.021] [INFO] info - ===========log output==========
[2022-04-19T23:27:00.037] [INFO] info - ===========log output==========
[2022-04-19T23:27:33.173] [INFO] info - ===========log output==========
[2022-04-19T23:27:33.173] [INFO] info - ===========log output==========
[2022-04-19T23:28:45.638] [INFO] info - ****数据库连接成功****
[2022-04-19T23:29:27.381] [INFO] info - ****数据库连接成功****
[2022-04-19T23:35:11.094] [INFO] info - ****数据库连接成功****
[2022-04-19T23:35:45.374] [INFO] info - ****数据库连接成功****
[2022-04-19T23:36:23.549] [INFO] info - ****数据库连接成功****
[2022-04-19T23:37:28.250] [INFO] info - ****数据库连接成功****
[2022-04-19T23:37:59.563] [INFO] info - ****数据库连接成功****
[2022-04-19T23:38:01.270] [INFO] info - ****数据库连接成功****
[2022-04-19T23:38:05.553] [INFO] info - ****数据库连接成功****
[2022-04-19T23:38:46.782] [INFO] info - ****数据库连接成功****
[2022-04-19T23:39:19.185] [INFO] info - ****数据库连接成功****
[2022-04-19T23:40:10.668] [INFO] info - ****数据库连接成功****
[2022-04-19T23:40:25.920] [INFO] info - ****数据库连接成功****
[2022-04-19T23:40:35.341] [INFO] info - ****数据库连接成功****
[2022-04-19T23:44:38.296] [INFO] info - ****数据库连接成功****
[2022-04-19T23:45:01.241] [INFO] info - ****数据库连接成功****
[2022-04-19T23:45:02.839] [INFO] info - ****数据库连接成功****
[2022-04-19T23:45:10.648] [INFO] info - ****数据库连接成功****
[2022-04-19T23:45:57.949] [INFO] info - ****数据库连接成功****
[2022-04-19T23:46:07.684] [INFO] info - ****数据库连接成功****
[2022-04-19T23:48:10.631] [INFO] info - ****数据库连接成功****
[2022-04-19T23:48:29.807] [INFO] info - ****数据库连接成功****
[2022-04-19T23:49:02.128] [INFO] info - ****数据库连接成功****
[2022-04-19T23:49:02.917] [INFO] info - ****数据库连接成功****
[2022-04-19T23:49:10.790] [INFO] info - ****数据库连接成功****
[2022-04-19T23:49:13.274] [INFO] info - ****数据库连接成功****
[2022-04-19T23:49:31.520] [INFO] info - ****数据库连接成功****
[2022-04-19T23:49:39.216] [INFO] info - get params: {}
[2022-04-19T23:49:39.216] [INFO] info - post params: {}
[2022-04-19T23:49:39.224] [INFO] info - get params: {}
[2022-04-19T23:49:39.224] [INFO] info - post params: {}
[2022-04-19T23:50:05.282] [INFO] info - ****数据库连接成功****
[2022-04-19T23:50:07.754] [INFO] info - get params: {}
[2022-04-19T23:50:07.755] [INFO] info - post params: {}
[2022-04-19T23:50:07.761] [INFO] info - get params: {}
[2022-04-19T23:50:07.762] [INFO] info - post params: {}
[2022-04-19T23:50:29.710] [INFO] info - ****数据库连接成功****
[2022-04-19T23:50:34.738] [INFO] info - ****数据库连接成功****
[2022-04-19T23:50:43.553] [INFO] info - ****数据库连接成功****
[2022-04-19T23:51:08.978] [INFO] info - ****数据库连接成功****
[2022-04-19T23:51:31.183] [INFO] info - ****数据库连接成功****
[2022-04-19T23:51:51.685] [INFO] info - ****数据库连接成功****
[2022-04-19T23:52:29.147] [INFO] info - ****数据库连接成功****
[2022-04-19T23:57:59.724] [INFO] info - ****数据库连接成功****
[2022-04-19T23:58:19.919] [INFO] info - ****数据库连接成功****
[2022-04-19T23:59:00.960] [INFO] info - ****数据库连接成功****
[2022-04-20T00:04:17.656] [INFO] info - ****数据库连接成功****
[2022-04-20T00:05:09.955] [INFO] info - ****数据库连接成功****
[2022-04-20T00:05:10.564] [INFO] info - ****数据库连接成功****
[2022-04-20T00:05:14.837] [INFO] info - ****数据库连接成功****
[2022-04-20T00:06:27.921] [INFO] info - ****数据库连接成功****
[2022-04-20T00:06:37.611] [INFO] info - ****数据库连接成功****
[2022-04-20T00:06:41.229] [INFO] info - ****数据库连接成功****
[2022-04-20T00:06:43.404] [INFO] info - ****数据库连接成功****
[2022-04-20T00:06:44.421] [INFO] info - ****数据库连接成功****
[2022-04-20T00:06:59.503] [INFO] info - get params: {}
[2022-04-20T00:06:59.503] [INFO] info - post params: {}
[2022-04-20T00:06:59.509] [INFO] info - get params: {}
[2022-04-20T00:06:59.510] [INFO] info - post params: {}
[2022-04-20T00:07:13.978] [INFO] info - ****数据库连接成功****
[2022-04-20T00:07:30.164] [INFO] info - ****数据库连接成功****
[2022-04-20T00:07:38.768] [INFO] info - ****数据库连接成功****
[2022-04-20T00:07:52.117] [INFO] info - ****数据库连接成功****
[2022-04-20T00:08:01.835] [INFO] info - ****数据库连接成功****
[2022-04-20T00:08:08.942] [INFO] info - get params: {}
[2022-04-20T00:08:08.942] [INFO] info - post params: {}
[2022-04-20T00:08:08.948] [INFO] info - get params: {}
[2022-04-20T00:08:08.948] [INFO] info - post params: {}
[2022-04-20T00:09:01.573] [INFO] info - ****数据库连接成功****
[2022-04-20T00:09:10.570] [INFO] info - get params: {}
[2022-04-20T00:09:10.570] [INFO] info - post params: {}
[2022-04-20T00:09:10.575] [INFO] info - get params: {}
[2022-04-20T00:09:10.576] [INFO] info - post params: {}
[2022-04-20T00:09:14.560] [INFO] info - ****数据库连接成功****
[2022-04-20T00:09:17.461] [INFO] info - get params: {}
[2022-04-20T00:09:17.463] [INFO] info - post params: {}
[2022-04-20T00:09:17.472] [INFO] info - get params: {}
[2022-04-20T00:09:17.472] [INFO] info - post params: {}
[2022-04-20T00:09:30.019] [INFO] info - get params: {}
[2022-04-20T00:09:30.019] [INFO] info - post params: {}
[2022-04-20T00:09:30.021] [INFO] info - get params: {}
[2022-04-20T00:09:30.021] [INFO] info - post params: {}
[2022-04-20T00:09:30.855] [INFO] info - get params: {}
[2022-04-20T00:09:30.855] [INFO] info - post params: {}
[2022-04-20T00:09:30.856] [INFO] info - get params: {}
[2022-04-20T00:09:30.856] [INFO] info - post params: {}
[2022-04-20T00:09:38.127] [INFO] info - get params: {}
[2022-04-20T00:09:38.128] [INFO] info - post params: {}
[2022-04-20T00:09:38.132] [INFO] info - get params: {}
[2022-04-20T00:09:38.133] [INFO] info - post params: {}
[2022-04-20T00:10:49.784] [INFO] info - ****数据库连接成功****
[2022-04-20T00:11:20.586] [INFO] info - ****数据库连接成功****
[2022-04-20T00:12:12.016] [INFO] info - ****数据库连接成功****
[2022-04-20T00:12:38.591] [INFO] info - ****数据库连接成功****
[2022-04-20T00:13:52.338] [INFO] info - get params: {}
[2022-04-20T00:13:52.338] [INFO] info - post params: {}
[2022-04-20T00:13:52.343] [INFO] info - get params: {}
[2022-04-20T00:13:52.344] [INFO] info - post params: {}
[2022-04-20T00:15:25.125] [INFO] info - ****数据库连接成功****
[2022-04-20T00:15:27.418] [INFO] info - ****数据库连接成功****
[2022-04-20T00:18:07.650] [INFO] info - ****数据库连接成功****
[2022-04-20T00:18:10.750] [INFO] info - ****数据库连接成功****
[2022-04-20T00:18:13.902] [INFO] info - ****数据库连接成功****
[2022-04-20T00:24:53.494] [INFO] info - ****数据库连接成功****
[2022-04-20T00:24:56.951] [INFO] info - ****数据库连接成功****
[2022-04-20T00:24:59.384] [INFO] info - ****数据库连接成功****
[2022-04-20T00:25:17.449] [INFO] info - ****数据库连接成功****
[2022-04-20T00:25:36.520] [INFO] info - ****数据库连接成功****
[2022-04-20T00:25:42.738] [INFO] info - ****数据库连接成功****
[2022-04-20T00:30:37.323] [INFO] info - ****数据库连接成功****
[2022-04-20T00:32:17.408] [INFO] info - get params: {}
[2022-04-20T00:32:17.409] [INFO] info - post params: {"userName":"admin","userPwd":"123456"}
[2022-04-20T00:32:19.086] [INFO] info - get params: {}
[2022-04-20T00:32:19.087] [INFO] info - post params: {"userName":"admin","userPwd":"123456"}
[2022-04-20T00:32:48.380] [INFO] info - ****数据库连接成功****
[2022-04-20T00:32:48.973] [INFO] info - ****数据库连接成功****
[2022-04-20T00:32:55.212] [INFO] info - ****数据库连接成功****
[2022-04-20T00:32:56.039] [INFO] info - ****数据库连接成功****
[2022-04-20T00:32:59.931] [INFO] info - ****数据库连接成功****
[2022-04-20T00:33:05.797] [INFO] info - ****数据库连接成功****
[2022-04-20T00:33:06.898] [INFO] info - get params: {}
[2022-04-20T00:33:06.898] [INFO] info - post params: {"userName":"admin","userPwd":"123456"}
[2022-04-20T00:33:16.624] [INFO] info - get params: {}
[2022-04-20T00:33:16.624] [INFO] info - post params: {"userName":"admin","userPwd":"123456"}
[2022-04-20T00:33:20.535] [INFO] info - get params: {}
[2022-04-20T00:33:20.536] [INFO] info - post params: {"userName":"admin","userPwd":"admin"}
[2022-04-20T00:33:39.351] [INFO] info - ****数据库连接成功****
[2022-04-20T00:33:48.821] [INFO] info - get params: {}
[2022-04-20T00:33:48.822] [INFO] info - post params: {"userName":"admin","userPwd":"123456"}
[2022-04-20T00:33:54.588] [INFO] info - get params: {}
[2022-04-20T00:33:54.588] [INFO] info - post params: {"userName":"admin","userPwd":"123456"}
[2022-04-20T00:34:10.549] [INFO] info - get params: {}
[2022-04-20T00:34:10.549] [INFO] info - post params: {"userName":"admin","userPwd":"admin"}
[2022-04-20T00:34:17.298] [INFO] info - get params: {}
[2022-04-20T00:34:17.298] [INFO] info - post params: {"userName":"admin","userPwd":"admin"}
[2022-04-20T00:34:21.075] [INFO] info - ****数据库连接成功****
[2022-04-20T00:34:22.372] [INFO] info - ****数据库连接成功****
[2022-04-20T00:34:33.096] [INFO] info - ****数据库连接成功****
[2022-04-20T00:34:35.826] [INFO] info - get params: {}
[2022-04-20T00:34:35.826] [INFO] info - post params: {"userName":"admin","userPwd":"admin"}
[2022-04-20T00:34:54.635] [INFO] info - ****数据库连接成功****
[2022-04-20T00:35:01.430] [INFO] info - ****数据库连接成功****
[2022-04-20T00:35:18.388] [INFO] info - ****数据库连接成功****
[2022-04-20T00:35:28.107] [INFO] info - ****数据库连接成功****
[2022-04-20T00:35:40.047] [INFO] info - ****数据库连接成功****
[2022-04-20T00:35:41.119] [INFO] info - ****数据库连接成功****
[2022-04-20T00:35:50.199] [INFO] info - get params: {}
[2022-04-20T00:35:50.199] [INFO] info - post params: {"userName":"admin","userPwd":"123456"}
[2022-04-20T00:35:54.976] [INFO] info - get params: {}
[2022-04-20T00:35:54.976] [INFO] info - post params: {"userName":"admin","userPwd":"admin"}
[2022-04-20T00:35:59.246] [INFO] info - get params: {}
[2022-04-20T00:35:59.247] [INFO] info - post params: {"userName":"admin","userPwd":"123456"}
[2022-04-20T00:36:03.926] [INFO] info - ****数据库连接成功****
[2022-04-20T00:36:23.269] [INFO] info - get params: {}
[2022-04-20T00:36:23.270] [INFO] info - post params: {"userName":"admin","userPwd":"123456"}
[2022-04-20T00:36:26.655] [INFO] info - get params: {}
[2022-04-20T00:36:26.655] [INFO] info - post params: {"userName":"admin","userPwd":"123456"}
[2022-04-20T00:36:32.881] [INFO] info - ****数据库连接成功****
[2022-04-20T00:36:37.648] [INFO] info - get params: {}
[2022-04-20T00:36:37.649] [INFO] info - post params: {"userName":"admin","userPwd":"123456"}
[2022-04-20T00:36:44.016] [INFO] info - get params: {}
[2022-04-20T00:36:44.017] [INFO] info - post params: {"userName":"admin","userPwd":"admin"}
[2022-04-20T00:36:49.988] [INFO] info - ****数据库连接成功****
[2022-04-20T00:37:34.432] [INFO] info - ****数据库连接成功****
[2022-04-20T00:37:43.776] [INFO] info - ****数据库连接成功****
[2022-04-20T00:38:01.370] [INFO] info - ****数据库连接成功****
[2022-04-20T00:38:09.317] [INFO] info - ****数据库连接成功****
[2022-04-20T00:38:09.914] [INFO] info - ****数据库连接成功****
[2022-04-20T00:38:10.541] [INFO] info - ****数据库连接成功****
[2022-04-20T00:38:12.001] [INFO] info - ****数据库连接成功****
[2022-04-20T00:38:34.667] [INFO] info - ****数据库连接成功****
